# JRE version: Java(TM) SE Runtime Environment (21.0.2+13) (build 21.0.2+13-LTS-58)
# Java VM: Java HotSpot(TM) 64-Bit Server VM (21.0.2+13-LTS-58, mixed mode, emulated-client, sharing, tiered, compressed oops, compressed class ptrs, g1 gc, windows-amd64)
GC Precious Log:
 CardTable entry size: 512
 Card Set container configuration: InlinePtr #cards 4 size 8 Array Of Cards #cards 16 size 48 Howl #buckets 8 coarsen threshold 3686 Howl Bitmap #cards 512 size 80 coarsen threshold 460 Card regions per heap region 1 cards per card region 4096
 CPUs: 4 total, 4 available
 Memory: 16167M
 Large Page Support: Disabled
 NUMA Support: Disabled
 Compressed Oops: Enabled (Zero based)
 Heap Region Size: 2M
 Heap Min Capacity: 8M
 Heap Initial Capacity: 254M
 Heap Max Capacity: 4042M
 Pre-touch: Disabled
 Parallel Workers: 4
 Concurrent Workers: 1
 Concurrent Refinement Workers: 4
 Periodic GC: Disabled
Heap:
 garbage-first heap   total 108544K, used 56742K [0x0000000703600000, 0x0000000800000000)
  region size 2048K, 15 young (30720K), 4 survivors (8192K)
 Metaspace       used 89150K, committed 89920K, reserved 1179648K
  class space    used 12649K, committed 12992K, reserved 1048576K
GC Heap History (20 events):
Event: 1153.858 GC heap before
{Heap before GC invocations=45 (full 3):
 garbage-first heap   total 108544K, used 92097K [0x0000000703600000, 0x0000000800000000)
  region size 2048K, 23 young (47104K), 3 survivors (6144K)
 Metaspace       used 88697K, committed 89472K, reserved 1179648K
  class space    used 12577K, committed 12928K, reserved 1048576K
}
Event: 1153.864 GC heap after
{Heap after GC invocations=46 (full 3):
 garbage-first heap   total 108544K, used 53176K [0x0000000703600000, 0x0000000800000000)
  region size 2048K, 3 young (6144K), 3 survivors (6144K)
 Metaspace       used 88697K, committed 89472K, reserved 1179648K
  class space    used 12577K, committed 12928K, reserved 1048576K
}
Event: 1283.459 GC heap before
{Heap before GC invocations=46 (full 3):
 garbage-first heap   total 108544K, used 92088K [0x0000000703600000, 0x0000000800000000)
  region size 2048K, 22 young (45056K), 3 survivors (6144K)
 Metaspace       used 88707K, committed 89472K, reserved 1179648K
  class space    used 12579K, committed 12928K, reserved 1048576K
}
Event: 1283.472 GC heap after
{Heap after GC invocations=47 (full 3):
 garbage-first heap   total 108544K, used 52722K [0x0000000703600000, 0x0000000800000000)
  region size 2048K, 2 young (4096K), 2 survivors (4096K)
 Metaspace       used 88707K, committed 89472K, reserved 1179648K
  class space    used 12579K, committed 12928K, reserved 1048576K
}
Event: 1448.504 GC heap before
{Heap before GC invocations=47 (full 3):
 garbage-first heap   total 108544K, used 93682K [0x0000000703600000, 0x0000000800000000)
  region size 2048K, 22 young (45056K), 2 survivors (4096K)
 Metaspace       used 88707K, committed 89472K, reserved 1179648K
  class space    used 12579K, committed 12928K, reserved 1048576K
}
Event: 1448.511 GC heap after
{Heap after GC invocations=48 (full 3):
 garbage-first heap   total 108544K, used 51968K [0x0000000703600000, 0x0000000800000000)
  region size 2048K, 1 young (2048K), 1 survivors (2048K)
 Metaspace       used 88707K, committed 89472K, reserved 1179648K
  class space    used 12579K, committed 12928K, reserved 1048576K
}
Event: 1628.679 GC heap before
{Heap before GC invocations=49 (full 3):
 garbage-first heap   total 108544K, used 97024K [0x0000000703600000, 0x0000000800000000)
  region size 2048K, 23 young (47104K), 1 survivors (2048K)
 Metaspace       used 88624K, committed 89472K, reserved 1179648K
  class space    used 12559K, committed 12928K, reserved 1048576K
}
Event: 1628.682 GC heap after
{Heap after GC invocations=50 (full 3):
 garbage-first heap   total 108544K, used 51784K [0x0000000703600000, 0x0000000800000000)
  region size 2048K, 1 young (2048K), 1 survivors (2048K)
 Metaspace       used 88624K, committed 89472K, reserved 1179648K
  class space    used 12559K, committed 12928K, reserved 1048576K
}
Event: 1809.769 GC heap before
{Heap before GC invocations=50 (full 3):
 garbage-first heap   total 108544K, used 96840K [0x0000000703600000, 0x0000000800000000)
  region size 2048K, 23 young (47104K), 1 survivors (2048K)
 Metaspace       used 88624K, committed 89472K, reserved 1179648K
  class space    used 12559K, committed 12928K, reserved 1048576K
}
Event: 1809.775 GC heap after
{Heap after GC invocations=51 (full 3):
 garbage-first heap   total 108544K, used 44318K [0x0000000703600000, 0x0000000800000000)
  region size 2048K, 1 young (2048K), 1 survivors (2048K)
 Metaspace       used 88624K, committed 89472K, reserved 1179648K
  class space    used 12559K, committed 12928K, reserved 1048576K
}
Event: 2023.346 GC heap before
{Heap before GC invocations=51 (full 3):
 garbage-first heap   total 108544K, used 97566K [0x0000000703600000, 0x0000000800000000)
  region size 2048K, 27 young (55296K), 1 survivors (2048K)
 Metaspace       used 88624K, committed 89472K, reserved 1179648K
  class space    used 12559K, committed 12928K, reserved 1048576K
}
Event: 2023.353 GC heap after
{Heap after GC invocations=52 (full 3):
 garbage-first heap   total 108544K, used 44255K [0x0000000703600000, 0x0000000800000000)
  region size 2048K, 1 young (2048K), 1 survivors (2048K)
 Metaspace       used 88624K, committed 89472K, reserved 1179648K
  class space    used 12559K, committed 12928K, reserved 1048576K
}
Event: 2213.876 GC heap before
{Heap before GC invocations=53 (full 3):
 garbage-first heap   total 108544K, used 97503K [0x0000000703600000, 0x0000000800000000)
  region size 2048K, 27 young (55296K), 1 survivors (2048K)
 Metaspace       used 88772K, committed 89536K, reserved 1179648K
  class space    used 12592K, committed 12928K, reserved 1048576K
}
Event: 2213.883 GC heap after
{Heap after GC invocations=54 (full 3):
 garbage-first heap   total 108544K, used 45011K [0x0000000703600000, 0x0000000800000000)
  region size 2048K, 2 young (4096K), 2 survivors (4096K)
 Metaspace       used 88772K, committed 89536K, reserved 1179648K
  class space    used 12592K, committed 12928K, reserved 1048576K
}
Event: 2410.176 GC heap before
{Heap before GC invocations=54 (full 3):
 garbage-first heap   total 108544K, used 94163K [0x0000000703600000, 0x0000000800000000)
  region size 2048K, 26 young (53248K), 2 survivors (4096K)
 Metaspace       used 88772K, committed 89536K, reserved 1179648K
  class space    used 12592K, committed 12928K, reserved 1048576K
}
Event: 2410.194 GC heap after
{Heap after GC invocations=55 (full 3):
 garbage-first heap   total 108544K, used 43805K [0x0000000703600000, 0x0000000800000000)
  region size 2048K, 2 young (4096K), 2 survivors (4096K)
 Metaspace       used 88772K, committed 89536K, reserved 1179648K
  class space    used 12592K, committed 12928K, reserved 1048576K
}
Event: 2567.588 GC heap before
{Heap before GC invocations=55 (full 3):
 garbage-first heap   total 108544K, used 84765K [0x0000000703600000, 0x0000000800000000)
  region size 2048K, 23 young (47104K), 2 survivors (4096K)
 Metaspace       used 88779K, committed 89536K, reserved 1179648K
  class space    used 12594K, committed 12928K, reserved 1048576K
}
Event: 2567.637 GC heap after
{Heap after GC invocations=56 (full 4):
 garbage-first heap   total 108544K, used 29624K [0x0000000703600000, 0x0000000800000000)
  region size 2048K, 0 young (0K), 0 survivors (0K)
 Metaspace       used 88636K, committed 89536K, reserved 1179648K
  class space    used 12571K, committed 12928K, reserved 1048576K
}
Event: 2568.503 GC heap before
{Heap before GC invocations=56 (full 4):
 garbage-first heap   total 108544K, used 91064K [0x0000000703600000, 0x0000000800000000)
  region size 2048K, 31 young (63488K), 0 survivors (0K)
 Metaspace       used 88943K, committed 89728K, reserved 1179648K
  class space    used 12637K, committed 12992K, reserved 1048576K
}
Event: 2568.511 GC heap after
{Heap after GC invocations=57 (full 4):
 garbage-first heap   total 108544K, used 36262K [0x0000000703600000, 0x0000000800000000)
  region size 2048K, 4 young (8192K), 4 survivors (8192K)
 Metaspace       used 88943K, committed 89728K, reserved 1179648K
  class space    used 12637K, committed 12992K, reserved 1048576K
}

